<?xml version="1.0" encoding="utf-8"?><testsuites><testsuite name="pytest" errors="0" failures="0" skipped="0" tests="7" time="0.333" timestamp="2025-04-14T14:56:28.613603+02:00" hostname="DESKTOP-4Q0F4KH"><testcase classname="sucolo_database_services.tests.test_db_service" name="test_city_not_found" time="0.014" /><testcase classname="sucolo_database_services.tests.test_db_service" name="test_invalid_radius" time="0.002" /><testcase classname="sucolo_database_services.tests.test_db_service" name="test_invalid_penalty" time="0.001" /><testcase classname="sucolo_database_services.tests.test_db_service" name="test_get_all_indices" time="0.007" /><testcase classname="sucolo_database_services.tests.test_db_service" name="test_get_hexagon_static_features" time="0.014" /><testcase classname="sucolo_database_services.tests.test_db_service" name="test_error_handling" time="0.013" /><testcase classname="sucolo_database_services.tests.test_db_service" name="test_get_multiple_features" time="0.133" /></testsuite></testsuites>