<?xml version="1.0" encoding="UTF-8"?>
<testsuites name="jest tests" tests="1" failures="0" errors="0" time="3.112">
  <testsuite name="@qbraid/authentication-server" errors="0" failures="0" skipped="0" timestamp="2025-01-29T11:50:44" time="2.166" tests="1">
    <testcase classname="@qbraid/authentication-server should be tested" name="@qbraid/authentication-server should be tested" time="0.003">
    </testcase>
  </testsuite>
</testsuites>